<?xml version="1.0" encoding="UTF-8"?>
<testsuite name="com.example.sample.springboot.web.PostsApiControllerTest" tests="1" skipped="0" failures="0" errors="0" timestamp="2020-03-04T07:30:16" hostname="DESKTOP-6UKMG2N" time="0.969">
  <properties/>
  <testcase name="Posts_등록된다" classname="com.example.sample.springboot.web.PostsApiControllerTest" time="0.969"/>
  <system-out><![CDATA[16:30:00.426 [Test worker] DEBUG org.springframework.test.context.junit4.SpringJUnit4ClassRunner - SpringJUnit4ClassRunner constructor called with [class com.example.sample.springboot.web.PostsApiControllerTest]
16:30:00.473 [Test worker] DEBUG org.springframework.test.context.BootstrapUtils - Instantiating CacheAwareContextLoaderDelegate from class [org.springframework.test.context.cache.DefaultCacheAwareContextLoaderDelegate]
16:30:00.520 [Test worker] DEBUG org.springframework.test.context.BootstrapUtils - Instantiating BootstrapContext using constructor [public org.springframework.test.context.support.DefaultBootstrapContext(java.lang.Class,org.springframework.test.context.CacheAwareContextLoaderDelegate)]
16:30:00.598 [Test worker] DEBUG org.springframework.test.context.BootstrapUtils - Instantiating TestContextBootstrapper for test class [com.example.sample.springboot.web.PostsApiControllerTest] from class [org.springframework.boot.test.context.SpringBootTestContextBootstrapper]
16:30:00.629 [Test worker] INFO org.springframework.boot.test.context.SpringBootTestContextBootstrapper - Neither @ContextConfiguration nor @ContextHierarchy found for test class [com.example.sample.springboot.web.PostsApiControllerTest], using SpringBootContextLoader
16:30:00.629 [Test worker] DEBUG org.springframework.test.context.support.AbstractContextLoader - Did not detect default resource location for test class [com.example.sample.springboot.web.PostsApiControllerTest]: class path resource [com/example/sample/springboot/web/PostsApiControllerTest-context.xml] does not exist
16:30:00.629 [Test worker] DEBUG org.springframework.test.context.support.AbstractContextLoader - Did not detect default resource location for test class [com.example.sample.springboot.web.PostsApiControllerTest]: class path resource [com/example/sample/springboot/web/PostsApiControllerTestContext.groovy] does not exist
16:30:00.629 [Test worker] INFO org.springframework.test.context.support.AbstractContextLoader - Could not detect default resource locations for test class [com.example.sample.springboot.web.PostsApiControllerTest]: no resource found for suffixes {-context.xml, Context.groovy}.
16:30:00.629 [Test worker] INFO org.springframework.test.context.support.AnnotationConfigContextLoaderUtils - Could not detect default configuration classes for test class [com.example.sample.springboot.web.PostsApiControllerTest]: PostsApiControllerTest does not declare any static, non-private, non-final, nested classes annotated with @Configuration.
16:30:00.770 [Test worker] DEBUG org.springframework.test.context.support.ActiveProfilesUtils - Could not find an 'annotation declaring class' for annotation type [org.springframework.test.context.ActiveProfiles] and class [com.example.sample.springboot.web.PostsApiControllerTest]
16:30:00.973 [Test worker] DEBUG org.springframework.context.annotation.ClassPathScanningCandidateComponentProvider - Identified candidate component class: file [C:\Users\sijune\IdeaProjects\springboot-sample\build\classes\java\main\com\example\sample\springboot\Application.class]
16:30:00.973 [Test worker] INFO org.springframework.boot.test.context.SpringBootTestContextBootstrapper - Found @SpringBootConfiguration com.example.sample.springboot.Application for test class com.example.sample.springboot.web.PostsApiControllerTest
16:30:01.192 [Test worker] DEBUG org.springframework.boot.test.context.SpringBootTestContextBootstrapper - @TestExecutionListeners is not present for class [com.example.sample.springboot.web.PostsApiControllerTest]: using defaults.
16:30:01.207 [Test worker] INFO org.springframework.boot.test.context.SpringBootTestContextBootstrapper - Loaded default TestExecutionListener class names from location [META-INF/spring.factories]: [org.springframework.security.test.context.support.WithSecurityContextTestExecutionListener, org.springframework.security.test.context.support.ReactorContextTestExecutionListener, org.springframework.boot.test.autoconfigure.restdocs.RestDocsTestExecutionListener, org.springframework.boot.test.autoconfigure.web.client.MockRestServiceServerResetTestExecutionListener, org.springframework.boot.test.autoconfigure.web.servlet.MockMvcPrintOnlyOnFailureTestExecutionListener, org.springframework.boot.test.autoconfigure.web.servlet.WebDriverTestExecutionListener, org.springframework.boot.test.mock.mockito.MockitoTestExecutionListener, org.springframework.boot.test.mock.mockito.ResetMocksTestExecutionListener, org.springframework.test.context.web.ServletTestExecutionListener, org.springframework.test.context.support.DirtiesContextBeforeModesTestExecutionListener, org.springframework.test.context.support.DependencyInjectionTestExecutionListener, org.springframework.test.context.support.DirtiesContextTestExecutionListener, org.springframework.test.context.transaction.TransactionalTestExecutionListener, org.springframework.test.context.jdbc.SqlScriptsTestExecutionListener]
16:30:01.254 [Test worker] INFO org.springframework.boot.test.context.SpringBootTestContextBootstrapper - Using TestExecutionListeners: [org.springframework.test.context.web.ServletTestExecutionListener@33a39e13, org.springframework.test.context.support.DirtiesContextBeforeModesTestExecutionListener@7a798973, org.springframework.boot.test.mock.mockito.MockitoTestExecutionListener@1c0a92f9, org.springframework.boot.test.autoconfigure.SpringBootDependencyInjectionTestExecutionListener@4ade258c, org.springframework.test.context.support.DirtiesContextTestExecutionListener@652269c2, org.springframework.test.context.transaction.TransactionalTestExecutionListener@53a64604, org.springframework.test.context.jdbc.SqlScriptsTestExecutionListener@1b739bd3, org.springframework.security.test.context.support.WithSecurityContextTestExecutionListener@20ba3f74, org.springframework.security.test.context.support.ReactorContextTestExecutionListener@56a03ed8, org.springframework.boot.test.autoconfigure.restdocs.RestDocsTestExecutionListener@37d7d46e, org.springframework.boot.test.autoconfigure.web.client.MockRestServiceServerResetTestExecutionListener@307d7c44, org.springframework.boot.test.autoconfigure.web.servlet.MockMvcPrintOnlyOnFailureTestExecutionListener@414da4a0, org.springframework.boot.test.autoconfigure.web.servlet.WebDriverTestExecutionListener@16cc04af, org.springframework.boot.test.mock.mockito.ResetMocksTestExecutionListener@1f31c6bc]
16:30:01.270 [Test worker] DEBUG org.springframework.test.annotation.ProfileValueUtils - Retrieved @ProfileValueSourceConfiguration [null] for test class [com.example.sample.springboot.web.PostsApiControllerTest]
16:30:01.270 [Test worker] DEBUG org.springframework.test.annotation.ProfileValueUtils - Retrieved ProfileValueSource type [class org.springframework.test.annotation.SystemProfileValueSource] for class [com.example.sample.springboot.web.PostsApiControllerTest]
16:30:01.286 [Test worker] DEBUG org.springframework.test.annotation.ProfileValueUtils - Retrieved @ProfileValueSourceConfiguration [null] for test class [com.example.sample.springboot.web.PostsApiControllerTest]
16:30:01.286 [Test worker] DEBUG org.springframework.test.annotation.ProfileValueUtils - Retrieved ProfileValueSource type [class org.springframework.test.annotation.SystemProfileValueSource] for class [com.example.sample.springboot.web.PostsApiControllerTest]
16:30:01.286 [Test worker] DEBUG org.springframework.test.annotation.ProfileValueUtils - Retrieved @ProfileValueSourceConfiguration [null] for test class [com.example.sample.springboot.web.PostsApiControllerTest]
16:30:01.286 [Test worker] DEBUG org.springframework.test.annotation.ProfileValueUtils - Retrieved ProfileValueSource type [class org.springframework.test.annotation.SystemProfileValueSource] for class [com.example.sample.springboot.web.PostsApiControllerTest]
16:30:01.301 [Test worker] DEBUG org.springframework.test.context.support.AbstractDirtiesContextTestExecutionListener - Before test class: context [DefaultTestContext@cd5190b testClass = PostsApiControllerTest, testInstance = [null], testMethod = [null], testException = [null], mergedContextConfiguration = [WebMergedContextConfiguration@2da417a8 testClass = PostsApiControllerTest, locations = '{}', classes = '{class com.example.sample.springboot.Application}', contextInitializerClasses = '[]', activeProfiles = '{}', propertySourceLocations = '{}', propertySourceProperties = '{org.springframework.boot.test.context.SpringBootTestContextBootstrapper=true, server.port=0}', contextCustomizers = set[org.springframework.boot.test.autoconfigure.properties.PropertyMappingContextCustomizer@0, org.springframework.boot.test.autoconfigure.web.servlet.WebDriverContextCustomizerFactory$Customizer@21718511, org.springframework.boot.test.context.filter.ExcludeFilterContextCustomizer@762d807e, org.springframework.boot.test.json.DuplicateJsonObjectContextCustomizerFactory$DuplicateJsonObjectContextCustomizer@1aff1aaa, org.springframework.boot.test.mock.mockito.MockitoContextCustomizer@0, org.springframework.boot.test.web.client.TestRestTemplateContextCustomizer@7fc9c308], resourceBasePath = 'src/main/webapp', contextLoader = 'org.springframework.boot.test.context.SpringBootContextLoader', parent = [null]], attributes = map['org.springframework.test.context.web.ServletTestExecutionListener.activateListener' -> false]], class annotated with @DirtiesContext [false] with mode [null].
16:30:01.301 [Test worker] DEBUG org.springframework.test.annotation.ProfileValueUtils - Retrieved @ProfileValueSourceConfiguration [null] for test class [com.example.sample.springboot.web.PostsApiControllerTest]
16:30:01.317 [Test worker] DEBUG org.springframework.test.annotation.ProfileValueUtils - Retrieved ProfileValueSource type [class org.springframework.test.annotation.SystemProfileValueSource] for class [com.example.sample.springboot.web.PostsApiControllerTest]
16:30:01.317 [Test worker] DEBUG org.springframework.test.context.support.DependencyInjectionTestExecutionListener - Performing dependency injection for test context [[DefaultTestContext@cd5190b testClass = PostsApiControllerTest, testInstance = com.example.sample.springboot.web.PostsApiControllerTest@7b582085, testMethod = [null], testException = [null], mergedContextConfiguration = [WebMergedContextConfiguration@2da417a8 testClass = PostsApiControllerTest, locations = '{}', classes = '{class com.example.sample.springboot.Application}', contextInitializerClasses = '[]', activeProfiles = '{}', propertySourceLocations = '{}', propertySourceProperties = '{org.springframework.boot.test.context.SpringBootTestContextBootstrapper=true, server.port=0}', contextCustomizers = set[org.springframework.boot.test.autoconfigure.properties.PropertyMappingContextCustomizer@0, org.springframework.boot.test.autoconfigure.web.servlet.WebDriverContextCustomizerFactory$Customizer@21718511, org.springframework.boot.test.context.filter.ExcludeFilterContextCustomizer@762d807e, org.springframework.boot.test.json.DuplicateJsonObjectContextCustomizerFactory$DuplicateJsonObjectContextCustomizer@1aff1aaa, org.springframework.boot.test.mock.mockito.MockitoContextCustomizer@0, org.springframework.boot.test.web.client.TestRestTemplateContextCustomizer@7fc9c308], resourceBasePath = 'src/main/webapp', contextLoader = 'org.springframework.boot.test.context.SpringBootContextLoader', parent = [null]], attributes = map['org.springframework.test.context.web.ServletTestExecutionListener.activateListener' -> false]]].
16:30:01.364 [Test worker] DEBUG org.springframework.test.context.support.TestPropertySourceUtils - Adding inlined properties to environment: {spring.jmx.enabled=false, org.springframework.boot.test.context.SpringBootTestContextBootstrapper=true, server.port=0}

  .   ____          _            __ _ _
 /\\ / ___'_ __ _ _(_)_ __  __ _ \ \ \ \
( ( )\___ | '_ | '_| | '_ \/ _` | \ \ \ \
 \\/  ___)| |_)| | | | | || (_| |  ) ) ) )
  '  |____| .__|_| |_|_| |_\__, | / / / /
 =========|_|==============|___/=/_/_/_/
 :: Spring Boot ::        (v2.1.7.RELEASE)

2020-03-04 16:30:02.082  INFO 3620 --- [    Test worker] c.e.s.s.web.PostsApiControllerTest       : Starting PostsApiControllerTest on DESKTOP-6UKMG2N with PID 3620 (started by sijune in C:\Users\sijune\IdeaProjects\springboot-sample)
2020-03-04 16:30:02.082  INFO 3620 --- [    Test worker] c.e.s.s.web.PostsApiControllerTest       : No active profile set, falling back to default profiles: default
2020-03-04 16:30:04.426  INFO 3620 --- [    Test worker] .s.d.r.c.RepositoryConfigurationDelegate : Bootstrapping Spring Data repositories in DEFAULT mode.
2020-03-04 16:30:04.613  INFO 3620 --- [    Test worker] .s.d.r.c.RepositoryConfigurationDelegate : Finished Spring Data repository scanning in 156ms. Found 2 repository interfaces.
2020-03-04 16:30:05.691  INFO 3620 --- [    Test worker] trationDelegate$BeanPostProcessorChecker : Bean 'org.springframework.transaction.annotation.ProxyTransactionManagementConfiguration' of type [org.springframework.transaction.annotation.ProxyTransactionManagementConfiguration$$EnhancerBySpringCGLIB$$8bdf8981] is not eligible for getting processed by all BeanPostProcessors (for example: not eligible for auto-proxying)
2020-03-04 16:30:06.660  INFO 3620 --- [    Test worker] o.s.b.w.embedded.tomcat.TomcatWebServer  : Tomcat initialized with port(s): 0 (http)
2020-03-04 16:30:06.723  INFO 3620 --- [    Test worker] o.apache.catalina.core.StandardService   : Starting service [Tomcat]
2020-03-04 16:30:06.723  INFO 3620 --- [    Test worker] org.apache.catalina.core.StandardEngine  : Starting Servlet engine: [Apache Tomcat/9.0.22]
2020-03-04 16:30:07.254  INFO 3620 --- [    Test worker] o.a.c.c.C.[Tomcat].[localhost].[/]       : Initializing Spring embedded WebApplicationContext
2020-03-04 16:30:07.254  INFO 3620 --- [    Test worker] o.s.web.context.ContextLoader            : Root WebApplicationContext: initialization completed in 5078 ms
2020-03-04 16:30:07.910  INFO 3620 --- [    Test worker] com.zaxxer.hikari.HikariDataSource       : HikariPool-1 - Starting...
2020-03-04 16:30:08.269  INFO 3620 --- [    Test worker] com.zaxxer.hikari.HikariDataSource       : HikariPool-1 - Start completed.
2020-03-04 16:30:08.535  INFO 3620 --- [    Test worker] o.hibernate.jpa.internal.util.LogHelper  : HHH000204: Processing PersistenceUnitInfo [
	name: default
	...]
2020-03-04 16:30:08.785  INFO 3620 --- [    Test worker] org.hibernate.Version                    : HHH000412: Hibernate Core {5.3.10.Final}
2020-03-04 16:30:08.801  INFO 3620 --- [    Test worker] org.hibernate.cfg.Environment            : HHH000206: hibernate.properties not found
2020-03-04 16:30:09.285  INFO 3620 --- [    Test worker] o.hibernate.annotations.common.Version   : HCANN000001: Hibernate Commons Annotations {5.0.4.Final}
2020-03-04 16:30:09.785  INFO 3620 --- [    Test worker] org.hibernate.dialect.Dialect            : HHH000400: Using dialect: org.hibernate.dialect.MySQL5InnoDBDialect
Hibernate: drop table if exists posts
Hibernate: drop table if exists user
Hibernate: create table posts (id bigint not null auto_increment, created_date datetime, modified_date datetime, author varchar(255), content TEXT not null, title varchar(500) not null, primary key (id)) engine=InnoDB
Hibernate: create table user (id bigint not null auto_increment, created_date datetime, modified_date datetime, email varchar(255) not null, name varchar(255) not null, picture varchar(255), role varchar(255) not null, primary key (id)) engine=InnoDB
2020-03-04 16:30:11.457  INFO 3620 --- [    Test worker] o.h.t.schema.internal.SchemaCreatorImpl  : HHH000476: Executing import script 'org.hibernate.tool.schema.internal.exec.ScriptSourceInputNonExistentImpl@73a47528'
2020-03-04 16:30:11.472  INFO 3620 --- [    Test worker] j.LocalContainerEntityManagerFactoryBean : Initialized JPA EntityManagerFactory for persistence unit 'default'
2020-03-04 16:30:13.363  INFO 3620 --- [    Test worker] o.h.h.i.QueryTranslatorFactoryInitiator  : HHH000397: Using ASTQueryTranslatorFactory
2020-03-04 16:30:14.441  INFO 3620 --- [    Test worker] o.s.s.web.DefaultSecurityFilterChain     : Creating filter chain: any request, [org.springframework.security.web.context.request.async.WebAsyncManagerIntegrationFilter@73076fb9, org.springframework.security.web.context.SecurityContextPersistenceFilter@2f418d5c, org.springframework.security.web.header.HeaderWriterFilter@2a3faa47, org.springframework.security.web.authentication.logout.LogoutFilter@65a3685e, org.springframework.security.oauth2.client.web.OAuth2AuthorizationRequestRedirectFilter@4ee93300, org.springframework.security.oauth2.client.web.OAuth2LoginAuthenticationFilter@7e8e9f28, org.springframework.security.web.authentication.ui.DefaultLoginPageGeneratingFilter@42a9f6e4, org.springframework.security.web.authentication.ui.DefaultLogoutPageGeneratingFilter@1be8dd1d, org.springframework.security.web.savedrequest.RequestCacheAwareFilter@797ceb48, org.springframework.security.web.servletapi.SecurityContextHolderAwareRequestFilter@52c379d4, org.springframework.security.web.authentication.AnonymousAuthenticationFilter@41b2ab4, org.springframework.security.web.session.SessionManagementFilter@486e8ae3, org.springframework.security.web.access.ExceptionTranslationFilter@2929bd57, org.springframework.security.web.access.intercept.FilterSecurityInterceptor@4e39a10f]
2020-03-04 16:30:15.316  INFO 3620 --- [    Test worker] o.s.s.concurrent.ThreadPoolTaskExecutor  : Initializing ExecutorService 'applicationTaskExecutor'
2020-03-04 16:30:15.456  WARN 3620 --- [    Test worker] aWebConfiguration$JpaWebMvcConfiguration : spring.jpa.open-in-view is enabled by default. Therefore, database queries may be performed during view rendering. Explicitly configure spring.jpa.open-in-view to disable this warning
2020-03-04 16:30:15.581  INFO 3620 --- [    Test worker] o.s.b.a.w.s.WelcomePageHandlerMapping    : Adding welcome page template: index
2020-03-04 16:30:16.581  INFO 3620 --- [    Test worker] s.a.ScheduledAnnotationBeanPostProcessor : No TaskScheduler/ScheduledExecutorService bean found for scheduled processing
2020-03-04 16:30:16.628  INFO 3620 --- [    Test worker] o.s.b.w.embedded.tomcat.TomcatWebServer  : Tomcat started on port(s): 57175 (http) with context path ''
2020-03-04 16:30:16.628  INFO 3620 --- [    Test worker] c.e.s.s.web.PostsApiControllerTest       : Started PostsApiControllerTest in 15.264 seconds (JVM running for 18.222)
2020-03-04 16:30:16.909  INFO 3620 --- [    Test worker] o.a.c.c.C.[Tomcat].[localhost].[/]       : Initializing Spring TestDispatcherServlet ''
2020-03-04 16:30:16.909  INFO 3620 --- [    Test worker] o.s.t.web.servlet.TestDispatcherServlet  : Initializing Servlet ''
2020-03-04 16:30:16.956  INFO 3620 --- [    Test worker] o.s.t.web.servlet.TestDispatcherServlet  : Completed initialization in 47 ms
Hibernate: insert into posts (created_date, modified_date, author, content, title) values (?, ?, ?, ?, ?)
Hibernate: select posts0_.id as id1_0_, posts0_.created_date as created_2_0_, posts0_.modified_date as modified3_0_, posts0_.author as author4_0_, posts0_.content as content5_0_, posts0_.title as title6_0_ from posts posts0_
Hibernate: select posts0_.id as id1_0_, posts0_.created_date as created_2_0_, posts0_.modified_date as modified3_0_, posts0_.author as author4_0_, posts0_.content as content5_0_, posts0_.title as title6_0_ from posts posts0_
Hibernate: delete from posts where id=?
]]></system-out>
  <system-err><![CDATA[]]></system-err>
</testsuite>
