<?xml version="1.0" encoding="UTF-8"?>
<testsuite name="com.example.sample.springboot.web.PostsApiControllerTest" tests="2" skipped="0" failures="0" errors="0" timestamp="2020-03-03T08:59:29" hostname="DESKTOP-6UKMG2N" time="0.235">
  <properties/>
  <testcase name="Posts_등록된다" classname="com.example.sample.springboot.web.PostsApiControllerTest" time="0.175"/>
  <testcase name="Posts_수정된다" classname="com.example.sample.springboot.web.PostsApiControllerTest" time="0.059"/>
  <system-out><![CDATA[2020-03-03 17:59:29.663  INFO 5332 --- [    Test worker] .b.t.c.SpringBootTestContextBootstrapper : Neither @ContextConfiguration nor @ContextHierarchy found for test class [com.example.sample.springboot.web.PostsApiControllerTest], using SpringBootContextLoader
2020-03-03 17:59:29.663  INFO 5332 --- [    Test worker] o.s.t.c.support.AbstractContextLoader    : Could not detect default resource locations for test class [com.example.sample.springboot.web.PostsApiControllerTest]: no resource found for suffixes {-context.xml, Context.groovy}.
2020-03-03 17:59:29.663  INFO 5332 --- [    Test worker] t.c.s.AnnotationConfigContextLoaderUtils : Could not detect default configuration classes for test class [com.example.sample.springboot.web.PostsApiControllerTest]: PostsApiControllerTest does not declare any static, non-private, non-final, nested classes annotated with @Configuration.
2020-03-03 17:59:29.663  INFO 5332 --- [    Test worker] .b.t.c.SpringBootTestContextBootstrapper : Found @SpringBootConfiguration com.example.sample.springboot.Application for test class com.example.sample.springboot.web.PostsApiControllerTest
2020-03-03 17:59:29.663  INFO 5332 --- [    Test worker] .b.t.c.SpringBootTestContextBootstrapper : Loaded default TestExecutionListener class names from location [META-INF/spring.factories]: [org.springframework.security.test.context.support.WithSecurityContextTestExecutionListener, org.springframework.security.test.context.support.ReactorContextTestExecutionListener, org.springframework.boot.test.autoconfigure.restdocs.RestDocsTestExecutionListener, org.springframework.boot.test.autoconfigure.web.client.MockRestServiceServerResetTestExecutionListener, org.springframework.boot.test.autoconfigure.web.servlet.MockMvcPrintOnlyOnFailureTestExecutionListener, org.springframework.boot.test.autoconfigure.web.servlet.WebDriverTestExecutionListener, org.springframework.boot.test.mock.mockito.MockitoTestExecutionListener, org.springframework.boot.test.mock.mockito.ResetMocksTestExecutionListener, org.springframework.test.context.web.ServletTestExecutionListener, org.springframework.test.context.support.DirtiesContextBeforeModesTestExecutionListener, org.springframework.test.context.support.DependencyInjectionTestExecutionListener, org.springframework.test.context.support.DirtiesContextTestExecutionListener, org.springframework.test.context.transaction.TransactionalTestExecutionListener, org.springframework.test.context.jdbc.SqlScriptsTestExecutionListener]
2020-03-03 17:59:29.663  INFO 5332 --- [    Test worker] .b.t.c.SpringBootTestContextBootstrapper : Using TestExecutionListeners: [org.springframework.test.context.web.ServletTestExecutionListener@24b5ae79, org.springframework.test.context.support.DirtiesContextBeforeModesTestExecutionListener@234c3ffa, org.springframework.boot.test.mock.mockito.MockitoTestExecutionListener@45786a9c, org.springframework.boot.test.autoconfigure.SpringBootDependencyInjectionTestExecutionListener@23c67750, org.springframework.test.context.support.DirtiesContextTestExecutionListener@2a89c337, org.springframework.test.context.transaction.TransactionalTestExecutionListener@68789a73, org.springframework.test.context.jdbc.SqlScriptsTestExecutionListener@6ed2316a, org.springframework.security.test.context.support.WithSecurityContextTestExecutionListener@7e3ea717, org.springframework.security.test.context.support.ReactorContextTestExecutionListener@1aca439c, org.springframework.boot.test.autoconfigure.restdocs.RestDocsTestExecutionListener@36cde9b4, org.springframework.boot.test.autoconfigure.web.client.MockRestServiceServerResetTestExecutionListener@49ebc766, org.springframework.boot.test.autoconfigure.web.servlet.MockMvcPrintOnlyOnFailureTestExecutionListener@4266c753, org.springframework.boot.test.autoconfigure.web.servlet.WebDriverTestExecutionListener@af8ba20, org.springframework.boot.test.mock.mockito.ResetMocksTestExecutionListener@53a17282]
2020-03-03 17:59:29.694  INFO 5332 --- [    Test worker] o.a.c.c.C.[Tomcat].[localhost].[/]       : Initializing Spring TestDispatcherServlet ''
2020-03-03 17:59:29.694  INFO 5332 --- [    Test worker] o.s.t.web.servlet.TestDispatcherServlet  : Initializing Servlet ''
2020-03-03 17:59:29.694  INFO 5332 --- [    Test worker] o.s.t.web.servlet.TestDispatcherServlet  : Completed initialization in 0 ms
Hibernate: insert into posts (created_date, modified_date, author, content, title) values (?, ?, ?, ?, ?)
Hibernate: select posts0_.id as id1_0_, posts0_.created_date as created_2_0_, posts0_.modified_date as modified3_0_, posts0_.author as author4_0_, posts0_.content as content5_0_, posts0_.title as title6_0_ from posts posts0_
Hibernate: select posts0_.id as id1_0_, posts0_.created_date as created_2_0_, posts0_.modified_date as modified3_0_, posts0_.author as author4_0_, posts0_.content as content5_0_, posts0_.title as title6_0_ from posts posts0_
Hibernate: delete from posts where id=?
2020-03-03 17:59:29.851  INFO 5332 --- [    Test worker] o.a.c.c.C.[Tomcat].[localhost].[/]       : Initializing Spring TestDispatcherServlet ''
2020-03-03 17:59:29.851  INFO 5332 --- [    Test worker] o.s.t.web.servlet.TestDispatcherServlet  : Initializing Servlet ''
2020-03-03 17:59:29.866  INFO 5332 --- [    Test worker] o.s.t.web.servlet.TestDispatcherServlet  : Completed initialization in 0 ms
Hibernate: insert into posts (created_date, modified_date, author, content, title) values (?, ?, ?, ?, ?)
Hibernate: select posts0_.id as id1_0_0_, posts0_.created_date as created_2_0_0_, posts0_.modified_date as modified3_0_0_, posts0_.author as author4_0_0_, posts0_.content as content5_0_0_, posts0_.title as title6_0_0_ from posts posts0_ where posts0_.id=?
Hibernate: update posts set created_date=?, modified_date=?, author=?, content=?, title=? where id=?
Hibernate: select posts0_.id as id1_0_, posts0_.created_date as created_2_0_, posts0_.modified_date as modified3_0_, posts0_.author as author4_0_, posts0_.content as content5_0_, posts0_.title as title6_0_ from posts posts0_
Hibernate: select posts0_.id as id1_0_, posts0_.created_date as created_2_0_, posts0_.modified_date as modified3_0_, posts0_.author as author4_0_, posts0_.content as content5_0_, posts0_.title as title6_0_ from posts posts0_
Hibernate: delete from posts where id=?
]]></system-out>
  <system-err><![CDATA[]]></system-err>
</testsuite>
