<?xml version="1.0" encoding="UTF-8"?>
<testsuite name="com.example.sample.springboot.web.dto.HelloResponseDtoTest" tests="1" skipped="0" failures="0" errors="0" timestamp="2020-03-03T08:59:24" hostname="DESKTOP-6UKMG2N" time="0.012">
  <properties/>
  <testcase name="롬복_기능_테스트" classname="com.example.sample.springboot.web.dto.HelloResponseDtoTest" time="0.012"/>
  <system-out><![CDATA[]]></system-out>
  <system-err><![CDATA[]]></system-err>
</testsuite>
